[2026-03-26 18:43:16 ET] [INFO] Scan job starting
[2026-03-26 18:43:16 ET] [WARN] No KALSHI_EMAIL / KALSHI_PASSWORD set — running in data-only mode
[2026-03-26 18:43:16 ET] [INFO] ============================================================
[2026-03-26 18:43:16 ET] [INFO] Starting market scan
[2026-03-26 18:43:16 ET] [WARN] No KALSHI_EMAIL / KALSHI_PASSWORD set — running in data-only mode
[2026-03-26 18:43:17 ET] [WARN] API GET /portfolio/balance → HTTP 401
[2026-03-26 18:43:17 ET] [INFO] Created outcomes log at /home/runner/work/kalshi-bot/kalshi-bot/outcomes.csv
[2026-03-26 18:43:17 ET] [WARN] No KALSHI_EMAIL / KALSHI_PASSWORD set — running in data-only mode
[2026-03-26 18:43:17 ET] [WARN] API GET /markets → HTTP 401
[2026-03-26 18:43:17 ET] [INFO] Fetched 0 open markets across 1 pages
[2026-03-26 18:43:17 ET] [INFO] Fetched 0 open markets
[2026-03-26 18:43:17 ET] [INFO] Parsed 0 valid markets
[2026-03-26 18:43:17 ET] [INFO] Categories: {}
[2026-03-26 18:43:17 ET] [INFO] Checked 0 modelable markets | Found 0 edges
[2026-03-26 18:43:17 ET] [INFO] Scan complete — no qualifying edges found (this is fine)
[2026-03-26 18:43:17 ET] [INFO] ============================================================
[2026-03-26 18:43:17 ET] [INFO] Scan job complete
[2026-03-26 19:17:39 ET] [INFO] Scan job starting
[2026-03-26 19:17:39 ET] [ERROR] Kalshi login failed: HTTP 401 — API has been moved to https://api.elections.kalshi.com/
Please check our docs on how to migrate.
[2026-03-26 19:17:39 ET] [INFO] ============================================================
[2026-03-26 19:17:39 ET] [INFO] Starting market scan
[2026-03-26 19:17:39 ET] [ERROR] Kalshi login failed: HTTP 401 — API has been moved to https://api.elections.kalshi.com/
Please check our docs on how to migrate.
[2026-03-26 19:17:39 ET] [WARN] API GET /portfolio/balance → HTTP 401
[2026-03-26 19:17:39 ET] [ERROR] Kalshi login failed: HTTP 401 — API has been moved to https://api.elections.kalshi.com/
Please check our docs on how to migrate.
[2026-03-26 19:17:39 ET] [WARN] API GET /markets → HTTP 401
[2026-03-26 19:17:39 ET] [INFO] Fetched 0 open markets across 1 pages
[2026-03-26 19:17:39 ET] [INFO] Fetched 0 open markets
[2026-03-26 19:17:39 ET] [INFO] Parsed 0 valid markets
[2026-03-26 19:17:39 ET] [INFO] Categories: {}
[2026-03-26 19:17:39 ET] [INFO] Checked 0 modelable markets | Found 0 edges
[2026-03-26 19:17:39 ET] [INFO] Scan complete — no qualifying edges found (this is fine)
[2026-03-26 19:17:39 ET] [INFO] ============================================================
[2026-03-26 19:17:39 ET] [INFO] Scan job complete
[2026-03-26 19:40:37 ET] [INFO] Scan job starting
[2026-03-26 19:40:37 ET] [WARN] No KALSHI_API_KEY_ID / KALSHI_PRIVATE_KEY — scanning public markets only
[2026-03-26 19:40:37 ET] [INFO] ============================================================
[2026-03-26 19:40:37 ET] [INFO] Starting market scan
[2026-03-26 19:40:38 ET] [WARN] API GET /portfolio/balance → HTTP 401
[2026-03-26 19:40:41 ET] [INFO] Event category cache built: 3000 events from 3000 fetched
[2026-03-26 19:40:56 ET] [INFO] Fetched 10000 open markets across 50 pages
[2026-03-26 19:40:56 ET] [INFO] Fetched 10000 open markets
[2026-03-26 19:40:56 ET] [INFO] Parsed 268 valid markets
[2026-03-26 19:40:56 ET] [INFO] Categories: {'': 266, 'Sports': 2}
[2026-03-26 19:40:56 ET] [INFO] Checked 0 modelable markets | Found 0 edges
[2026-03-26 19:40:56 ET] [INFO] Skipped (no model): , Sports
[2026-03-26 19:40:56 ET] [INFO] Scan complete — no qualifying edges found (this is fine)
[2026-03-26 19:40:56 ET] [INFO] ============================================================
[2026-03-26 19:40:56 ET] [INFO] Scan job complete
